<?xml version="1.0" encoding="UTF-8"?>
<!-- Generated by org.testng.reporters.JUnitReportReporter -->
<testsuite hostname="36895e9e9f4f573" failures="0" tests="5" name="com.sdet.Test.ProgramFour" time="23.672" errors="0" timestamp="2023-12-18T13:08:31 IST" skipped="0">
  <testcase classname="com.sdet.Test.ProgramFour" name="verifyProductsNavigation" time="5.209"/>
  <testcase classname="com.sdet.Test.ProgramFour" name="verifySolutionsNavigation" time="4.554"/>
  <testcase classname="com.sdet.Test.ProgramFour" name="verifyResourcesNavigation" time="3.912"/>
  <testcase classname="com.sdet.Test.ProgramFour" name="verifyBeyondRPANavigation" time="5.059"/>
  <testcase classname="com.sdet.Test.ProgramFour" name="verifyCompanyNavigation" time="4.938"/>
</testsuite> <!-- com.sdet.Test.ProgramFour -->
