<?xml version="1.0" encoding="UTF-8"?>
<!-- Generated by org.testng.reporters.JUnitReportReporter -->
<testsuite hostname="36895e9e9f4f573" failures="0" tests="2" name="com.sdet.Test.ProgramThreee" time="0.148" errors="0" timestamp="2023-12-18T13:08:31 IST" skipped="0">
  <testcase classname="com.sdet.Test.ProgramThreee" name="verifyLogo" time="0.090"/>
  <testcase classname="com.sdet.Test.ProgramThreee" name="verifyRequestDemoButton" time="0.058"/>
</testsuite> <!-- com.sdet.Test.ProgramThreee -->
